mode: set
github.com/qri-io/dsdiff/dsdiff.go:21.49,23.2 1 0
github.com/qri-io/dsdiff/dsdiff.go:31.65,33.36 2 1
github.com/qri-io/dsdiff/dsdiff.go:36.2,37.58 2 1
github.com/qri-io/dsdiff/dsdiff.go:40.2,40.13 1 1
github.com/qri-io/dsdiff/dsdiff.go:85.2,85.16 1 1
github.com/qri-io/dsdiff/dsdiff.go:33.36,35.3 1 1
github.com/qri-io/dsdiff/dsdiff.go:37.58,39.3 1 1
github.com/qri-io/dsdiff/dsdiff.go:41.16,42.19 1 1
github.com/qri-io/dsdiff/dsdiff.go:46.18,47.19 1 1
github.com/qri-io/dsdiff/dsdiff.go:55.37,56.19 1 1
github.com/qri-io/dsdiff/dsdiff.go:73.15,74.19 1 1
github.com/qri-io/dsdiff/dsdiff.go:82.10,83.17 1 0
github.com/qri-io/dsdiff/dsdiff.go:42.19,45.4 2 1
github.com/qri-io/dsdiff/dsdiff.go:47.19,50.35 3 1
github.com/qri-io/dsdiff/dsdiff.go:53.4,53.102 1 1
github.com/qri-io/dsdiff/dsdiff.go:50.35,52.5 1 1
github.com/qri-io/dsdiff/dsdiff.go:56.19,59.18 3 1
github.com/qri-io/dsdiff/dsdiff.go:62.4,68.18 4 1
github.com/qri-io/dsdiff/dsdiff.go:71.4,71.26 1 1
github.com/qri-io/dsdiff/dsdiff.go:59.18,61.5 1 0
github.com/qri-io/dsdiff/dsdiff.go:68.18,70.5 1 0
github.com/qri-io/dsdiff/dsdiff.go:74.19,77.18 3 1
github.com/qri-io/dsdiff/dsdiff.go:80.4,80.26 1 1
github.com/qri-io/dsdiff/dsdiff.go:77.18,79.5 1 0
github.com/qri-io/dsdiff/dsdiff.go:89.63,92.16 3 1
github.com/qri-io/dsdiff/dsdiff.go:95.2,96.16 2 1
github.com/qri-io/dsdiff/dsdiff.go:99.2,99.49 1 1
github.com/qri-io/dsdiff/dsdiff.go:92.16,94.3 1 0
github.com/qri-io/dsdiff/dsdiff.go:96.16,98.3 1 0
github.com/qri-io/dsdiff/dsdiff.go:103.56,106.48 2 1
github.com/qri-io/dsdiff/dsdiff.go:112.2,112.23 1 0
github.com/qri-io/dsdiff/dsdiff.go:106.48,107.31 1 1
github.com/qri-io/dsdiff/dsdiff.go:107.31,109.4 1 1
github.com/qri-io/dsdiff/dsdiff.go:116.63,118.62 2 1
github.com/qri-io/dsdiff/dsdiff.go:123.2,124.16 2 1
github.com/qri-io/dsdiff/dsdiff.go:127.2,128.16 2 1
github.com/qri-io/dsdiff/dsdiff.go:131.2,131.49 1 1
github.com/qri-io/dsdiff/dsdiff.go:118.62,119.27 1 0
github.com/qri-io/dsdiff/dsdiff.go:119.27,121.4 1 0
github.com/qri-io/dsdiff/dsdiff.go:124.16,126.3 1 0
github.com/qri-io/dsdiff/dsdiff.go:128.16,130.3 1 0
github.com/qri-io/dsdiff/dsdiff.go:135.53,137.62 2 1
github.com/qri-io/dsdiff/dsdiff.go:144.2,145.16 2 1
github.com/qri-io/dsdiff/dsdiff.go:148.2,149.16 2 1
github.com/qri-io/dsdiff/dsdiff.go:152.2,152.49 1 1
github.com/qri-io/dsdiff/dsdiff.go:137.62,138.27 1 0
github.com/qri-io/dsdiff/dsdiff.go:138.27,140.4 1 0
github.com/qri-io/dsdiff/dsdiff.go:141.8,141.39 1 1
github.com/qri-io/dsdiff/dsdiff.go:141.39,143.3 1 0
github.com/qri-io/dsdiff/dsdiff.go:145.16,147.3 1 0
github.com/qri-io/dsdiff/dsdiff.go:149.16,151.3 1 0
github.com/qri-io/dsdiff/dsdiff.go:156.63,158.62 2 1
github.com/qri-io/dsdiff/dsdiff.go:163.2,164.16 2 1
github.com/qri-io/dsdiff/dsdiff.go:167.2,168.16 2 1
github.com/qri-io/dsdiff/dsdiff.go:171.2,171.49 1 1
github.com/qri-io/dsdiff/dsdiff.go:158.62,159.27 1 0
github.com/qri-io/dsdiff/dsdiff.go:159.27,161.4 1 0
github.com/qri-io/dsdiff/dsdiff.go:164.16,166.3 1 0
github.com/qri-io/dsdiff/dsdiff.go:168.16,170.3 1 0
github.com/qri-io/dsdiff/dsdiff.go:175.59,178.16 3 1
github.com/qri-io/dsdiff/dsdiff.go:182.2,183.21 2 1
github.com/qri-io/dsdiff/dsdiff.go:178.16,181.3 1 0
github.com/qri-io/dsdiff/dsdiff.go:198.103,201.46 2 1
github.com/qri-io/dsdiff/dsdiff.go:211.2,211.22 1 1
github.com/qri-io/dsdiff/dsdiff.go:227.2,227.36 1 1
github.com/qri-io/dsdiff/dsdiff.go:243.2,243.46 1 1
github.com/qri-io/dsdiff/dsdiff.go:253.2,253.46 1 1
github.com/qri-io/dsdiff/dsdiff.go:262.2,262.20 1 1
github.com/qri-io/dsdiff/dsdiff.go:201.46,203.17 2 1
github.com/qri-io/dsdiff/dsdiff.go:206.3,206.33 1 1
github.com/qri-io/dsdiff/dsdiff.go:203.17,205.4 1 0
github.com/qri-io/dsdiff/dsdiff.go:206.33,208.4 1 1
github.com/qri-io/dsdiff/dsdiff.go:211.22,213.17 2 0
github.com/qri-io/dsdiff/dsdiff.go:216.3,216.37 1 0
github.com/qri-io/dsdiff/dsdiff.go:213.17,215.4 1 0
github.com/qri-io/dsdiff/dsdiff.go:217.8,219.17 2 1
github.com/qri-io/dsdiff/dsdiff.go:222.3,222.28 1 1
github.com/qri-io/dsdiff/dsdiff.go:219.17,221.4 1 0
github.com/qri-io/dsdiff/dsdiff.go:222.28,224.4 1 0
github.com/qri-io/dsdiff/dsdiff.go:227.36,228.20 1 1
github.com/qri-io/dsdiff/dsdiff.go:231.3,231.20 1 1
github.com/qri-io/dsdiff/dsdiff.go:234.3,235.17 2 1
github.com/qri-io/dsdiff/dsdiff.go:238.3,238.28 1 1
github.com/qri-io/dsdiff/dsdiff.go:228.20,230.4 1 0
github.com/qri-io/dsdiff/dsdiff.go:231.20,233.4 1 0
github.com/qri-io/dsdiff/dsdiff.go:235.17,237.4 1 0
github.com/qri-io/dsdiff/dsdiff.go:238.28,240.4 1 1
github.com/qri-io/dsdiff/dsdiff.go:243.46,245.17 2 1
github.com/qri-io/dsdiff/dsdiff.go:248.3,248.33 1 1
github.com/qri-io/dsdiff/dsdiff.go:245.17,247.4 1 0
github.com/qri-io/dsdiff/dsdiff.go:248.33,250.4 1 1
github.com/qri-io/dsdiff/dsdiff.go:253.46,255.17 2 1
github.com/qri-io/dsdiff/dsdiff.go:258.3,258.33 1 1
github.com/qri-io/dsdiff/dsdiff.go:255.17,257.4 1 0
github.com/qri-io/dsdiff/dsdiff.go:258.33,260.4 1 1
github.com/qri-io/dsdiff/dsdiff.go:273.74,285.27 2 1
github.com/qri-io/dsdiff/dsdiff.go:297.2,297.16 1 0
github.com/qri-io/dsdiff/dsdiff.go:285.27,287.25 2 1
github.com/qri-io/dsdiff/dsdiff.go:287.25,289.18 2 1
github.com/qri-io/dsdiff/dsdiff.go:292.4,292.21 1 1
github.com/qri-io/dsdiff/dsdiff.go:289.18,291.5 1 0
github.com/qri-io/dsdiff/dsdiff.go:292.21,294.5 1 1
